<?xml version="1.0" encoding="UTF-8"?>
<testng-results skipped="0" failed="0" ignored="0" total="2" passed="2">
  <reporter-output>
  </reporter-output>
  <suite name="Default suite" duration-ms="24950" started-at="2018-08-17T21:03:58Z" finished-at="2018-08-17T21:04:23Z">
    <groups>
    </groups>
    <test name="Default test" duration-ms="24950" started-at="2018-08-17T21:03:58Z" finished-at="2018-08-17T21:04:23Z">
      <class name="com.crm.qa.testcases.HomePageTest">
        <test-method status="PASS" signature="setUp()[pri:0, instance:com.crm.qa.testcases.HomePageTest@3c0ecd4b]" name="setUp" is-config="true" duration-ms="10245" started-at="2018-08-17T17:03:58Z" finished-at="2018-08-17T17:04:08Z">
          <reporter-output>
          </reporter-output>
        </test-method> <!-- setUp -->
        <test-method status="PASS" signature="isNoCompanyDispTest()[pri:1, instance:com.crm.qa.testcases.HomePageTest@3c0ecd4b]" name="isNoCompanyDispTest" duration-ms="130" started-at="2018-08-17T17:04:08Z" finished-at="2018-08-17T17:04:08Z">
          <reporter-output>
          </reporter-output>
        </test-method> <!-- isNoCompanyDispTest -->
        <test-method status="PASS" signature="tearDown()[pri:0, instance:com.crm.qa.testcases.HomePageTest@3c0ecd4b]" name="tearDown" is-config="true" duration-ms="659" started-at="2018-08-17T17:04:08Z" finished-at="2018-08-17T17:04:09Z">
          <reporter-output>
          </reporter-output>
        </test-method> <!-- tearDown -->
        <test-method status="PASS" signature="setUp()[pri:0, instance:com.crm.qa.testcases.HomePageTest@3c0ecd4b]" name="setUp" is-config="true" duration-ms="9114" started-at="2018-08-17T17:04:09Z" finished-at="2018-08-17T17:04:18Z">
          <reporter-output>
          </reporter-output>
        </test-method> <!-- setUp -->
        <test-method status="PASS" signature="iscalendarDispTest()[pri:2, instance:com.crm.qa.testcases.HomePageTest@3c0ecd4b]" name="iscalendarDispTest" duration-ms="4041" started-at="2018-08-17T17:04:18Z" finished-at="2018-08-17T17:04:22Z">
          <reporter-output>
          </reporter-output>
        </test-method> <!-- iscalendarDispTest -->
        <test-method status="PASS" signature="tearDown()[pri:0, instance:com.crm.qa.testcases.HomePageTest@3c0ecd4b]" name="tearDown" is-config="true" duration-ms="719" started-at="2018-08-17T17:04:22Z" finished-at="2018-08-17T17:04:23Z">
          <reporter-output>
          </reporter-output>
        </test-method> <!-- tearDown -->
      </class> <!-- com.crm.qa.testcases.HomePageTest -->
    </test> <!-- Default test -->
  </suite> <!-- Default suite -->
</testng-results>
