<?xml version="1.0" encoding="UTF-8"?>
<!-- Generated by org.testng.reporters.JUnitXMLReporter -->
<testsuite hostname="SachinRoy-Asus" ignored="0" name="Command line test" tests="3" failures="0" timestamp="17 Aug 2018 14:00:54 GMT" time="86.204" errors="0">
  <testcase name="loginPageTitleTest" time="0.088" classname="com.crm.qa.testcases.LoginPageTest"/>
  <testcase name="crmLogoImageTest" time="0.755" classname="com.crm.qa.testcases.LoginPageTest"/>
  <testcase name="loginTest" time="7.229" classname="com.crm.qa.testcases.LoginPageTest"/>
</testsuite> <!-- Command line test -->
